{
  "stats": {
    "suites": 1,
    "tests": 6,
    "passes": 6,
    "pending": 0,
    "failures": 0,
    "start": "2024-08-20T12:11:02.522Z",
    "end": "2024-08-20T12:11:11.176Z",
    "duration": 8654,
    "testsRegistered": 6,
    "passPercent": 100,
    "pendingPercent": 0,
    "other": 0,
    "hasOther": false,
    "skipped": 0,
    "hasSkipped": false
  },
  "results": [
    {
      "uuid": "0a1d8bcc-2b22-4bfa-ae9c-96145f88328a",
      "title": "",
      "fullFile": "cypress\\e2e\\paginas-adopet.cy.js",
      "file": "cypress\\e2e\\paginas-adopet.cy.js",
      "beforeHooks": [],
      "afterHooks": [],
      "tests": [],
      "suites": [
        {
          "uuid": "db37e40e-8230-4f41-a862-8b06124b9416",
          "title": "Teste de páginas no Adopet",
          "fullFile": "",
          "file": "",
          "beforeHooks": [],
          "afterHooks": [],
          "tests": [
            {
              "title": "deve  clicar no botão \"Ver pets disponíveis para adoção”",
              "fullTitle": "Teste de páginas no Adopet deve  clicar no botão \"Ver pets disponíveis para adoção”",
              "timedOut": null,
              "duration": 1492,
              "state": "passed",
              "speed": "fast",
              "pass": true,
              "fail": false,
              "pending": false,
              "context": null,
              "code": "cy.get('.button').click();",
              "err": {},
              "uuid": "58b277b3-229e-4b1d-aa5e-bf462c56666c",
              "parentUUID": "db37e40e-8230-4f41-a862-8b06124b9416",
              "isHook": false,
              "skipped": false
            },
            {
              "title": "deve testar os botão de home",
              "fullTitle": "Teste de páginas no Adopet deve testar os botão de home",
              "timedOut": null,
              "duration": 554,
              "state": "passed",
              "speed": "fast",
              "pass": true,
              "fail": false,
              "pending": false,
              "context": null,
              "code": "cy.get('.header__home').click();",
              "err": {},
              "uuid": "32980b79-5882-4093-8008-6824e4b4850d",
              "parentUUID": "db37e40e-8230-4f41-a862-8b06124b9416",
              "isHook": false,
              "skipped": false
            },
            {
              "title": "Deve testar os botão de mensagens",
              "fullTitle": "Teste de páginas no Adopet Deve testar os botão de mensagens",
              "timedOut": null,
              "duration": 391,
              "state": "passed",
              "speed": "fast",
              "pass": true,
              "fail": false,
              "pending": false,
              "context": null,
              "code": "cy.get('.header__message').click();",
              "err": {},
              "uuid": "56fa3a20-65a2-4f27-a651-26bc086f6bb1",
              "parentUUID": "db37e40e-8230-4f41-a862-8b06124b9416",
              "isHook": false,
              "skipped": false
            },
            {
              "title": "Visita a página de /login do Adopet",
              "fullTitle": "Teste de páginas no Adopet Visita a página de /login do Adopet",
              "timedOut": null,
              "duration": 652,
              "state": "passed",
              "speed": "fast",
              "pass": true,
              "fail": false,
              "pending": false,
              "context": null,
              "code": "cy.visit('https://adopet-frontend-cypress.vercel.app/login');",
              "err": {},
              "uuid": "d276e272-1934-4840-8fa3-a906d22ef9e3",
              "parentUUID": "db37e40e-8230-4f41-a862-8b06124b9416",
              "isHook": false,
              "skipped": false
            },
            {
              "title": "Visita a página de /home do Adopet",
              "fullTitle": "Teste de páginas no Adopet Visita a página de /home do Adopet",
              "timedOut": null,
              "duration": 561,
              "state": "passed",
              "speed": "fast",
              "pass": true,
              "fail": false,
              "pending": false,
              "context": null,
              "code": "cy.visit('https://adopet-frontend-cypress.vercel.app/home');",
              "err": {},
              "uuid": "14e5cfcd-2a9b-48a8-9d4d-ca1b7ee3bf9d",
              "parentUUID": "db37e40e-8230-4f41-a862-8b06124b9416",
              "isHook": false,
              "skipped": false
            },
            {
              "title": "Visita a página de /home do AdoPet e clique no botão “Falar com o responsável”",
              "fullTitle": "Teste de páginas no Adopet Visita a página de /home do AdoPet e clique no botão “Falar com o responsável”",
              "timedOut": null,
              "duration": 844,
              "state": "passed",
              "speed": "fast",
              "pass": true,
              "fail": false,
              "pending": false,
              "context": null,
              "code": "cy.visit('https://adopet-frontend-cypress.vercel.app/home');\ncy.get('.header__message').click();",
              "err": {},
              "uuid": "7564bf22-4496-4f90-b71f-c2d9a820f195",
              "parentUUID": "db37e40e-8230-4f41-a862-8b06124b9416",
              "isHook": false,
              "skipped": false
            }
          ],
          "suites": [],
          "passes": [
            "58b277b3-229e-4b1d-aa5e-bf462c56666c",
            "32980b79-5882-4093-8008-6824e4b4850d",
            "56fa3a20-65a2-4f27-a651-26bc086f6bb1",
            "d276e272-1934-4840-8fa3-a906d22ef9e3",
            "14e5cfcd-2a9b-48a8-9d4d-ca1b7ee3bf9d",
            "7564bf22-4496-4f90-b71f-c2d9a820f195"
          ],
          "failures": [],
          "pending": [],
          "skipped": [],
          "duration": 4494,
          "root": false,
          "rootEmpty": false,
          "_timeout": 2000
        }
      ],
      "passes": [],
      "failures": [],
      "pending": [],
      "skipped": [],
      "duration": 0,
      "root": true,
      "rootEmpty": true,
      "_timeout": 2000
    }
  ],
  "meta": {
    "mocha": {
      "version": "7.0.1"
    },
    "mochawesome": {
      "options": {
        "quiet": false,
        "reportFilename": "mochawesome",
        "saveHtml": true,
        "saveJson": true,
        "consoleReporter": "spec",
        "useInlineDiffs": false,
        "code": true
      },
      "version": "7.1.3"
    },
    "marge": {
      "options": {
        "reportDir": "cypress/results",
        "overwrite": false,
        "html": true,
        "json": true,
        "timestamp": "mmddyyyy_HHMMss"
      },
      "version": "6.2.0"
    }
  }
}