{
  "stats": {
    "suites": 1,
    "tests": 1,
    "passes": 0,
    "pending": 0,
    "failures": 1,
    "start": "2024-08-23T12:25:58.377Z",
    "end": "2024-08-23T12:26:28.713Z",
    "duration": 30336,
    "testsRegistered": 1,
    "passPercent": 0,
    "pendingPercent": 0,
    "other": 0,
    "hasOther": false,
    "skipped": 0,
    "hasSkipped": false
  },
  "results": [
    {
      "uuid": "91537ee9-fc1a-412a-8006-31a820b4bb2c",
      "title": "",
      "fullFile": "cypress\\e2e\\api-mensagens.cy.js",
      "file": "cypress\\e2e\\api-mensagens.cy.js",
      "beforeHooks": [],
      "afterHooks": [],
      "tests": [],
      "suites": [
        {
          "uuid": "3e0fe282-a306-44d9-a943-91640db2df19",
          "title": "Api Adopet",
          "fullFile": "",
          "file": "",
          "beforeHooks": [],
          "afterHooks": [],
          "tests": [
            {
              "title": "Mensagens da API",
              "fullTitle": "Api Adopet Mensagens da API",
              "timedOut": null,
              "duration": 30247,
              "state": "failed",
              "speed": null,
              "pass": false,
              "fail": true,
              "pending": false,
              "context": null,
              "code": "cy.request({\n  method: 'GET',\n  url: 'https://adopet-api-i8qu.onrender.com/mensagem/a49066fe-523e-4885-b1ce-5b738195532f',\n  headers: Cypress.env()\n}).then(res => {\n  expect(res.status).to.be.equal(200);\n  expect(res.body).is.not.empty;\n  expect(res.body).to.have.property('msg');\n});",
              "err": {
                "message": "CypressError: `cy.request()` timed out waiting `30000ms` for a response from your server.\n\nThe request we sent was:\n\nMethod: GET\nURL: https://adopet-api-i8qu.onrender.com/mensagem/a49066fe-523e-4885-b1ce-5b738195532f\n\nNo response was received within the timeout.\n\nhttps://on.cypress.io/request",
                "estack": "CypressError: `cy.request()` timed out waiting `30000ms` for a response from your server.\n\nThe request we sent was:\n\nMethod: GET\nURL: https://adopet-api-i8qu.onrender.com/mensagem/a49066fe-523e-4885-b1ce-5b738195532f\n\nNo response was received within the timeout.\n\nhttps://on.cypress.io/request\n    at <unknown> (http://localhost:52335/__cypress/runner/cypress_runner.js:133045:70)\n    at tryCatcher (http://localhost:52335/__cypress/runner/cypress_runner.js:1807:23)\n    at <unknown> (http://localhost:52335/__cypress/runner/cypress_runner.js:4186:41)\n    at tryCatcher (http://localhost:52335/__cypress/runner/cypress_runner.js:1807:23)\n    at Promise._settlePromiseFromHandler (http://localhost:52335/__cypress/runner/cypress_runner.js:1519:31)\n    at Promise._settlePromise (http://localhost:52335/__cypress/runner/cypress_runner.js:1576:18)\n    at Promise._settlePromise0 (http://localhost:52335/__cypress/runner/cypress_runner.js:1621:10)\n    at Promise._settlePromises (http://localhost:52335/__cypress/runner/cypress_runner.js:1697:18)\n    at _drainQueueStep (http://localhost:52335/__cypress/runner/cypress_runner.js:2407:12)\n    at _drainQueue (http://localhost:52335/__cypress/runner/cypress_runner.js:2400:9)\n    at Async._drainQueues (http://localhost:52335/__cypress/runner/cypress_runner.js:2416:5)\n    at Async.drainQueues (http://localhost:52335/__cypress/runner/cypress_runner.js:2286:14)\nFrom Your Spec Code:\n    at Context.eval (webpack://cypress/./cypress/e2e/api-mensagens.cy.js:4:15)",
                "diff": null
              },
              "uuid": "9721974b-bc14-4c29-8070-b4375ddae1cd",
              "parentUUID": "3e0fe282-a306-44d9-a943-91640db2df19",
              "isHook": false,
              "skipped": false
            }
          ],
          "suites": [],
          "passes": [],
          "failures": [
            "9721974b-bc14-4c29-8070-b4375ddae1cd"
          ],
          "pending": [],
          "skipped": [],
          "duration": 30247,
          "root": false,
          "rootEmpty": false,
          "_timeout": 2000
        }
      ],
      "passes": [],
      "failures": [],
      "pending": [],
      "skipped": [],
      "duration": 0,
      "root": true,
      "rootEmpty": true,
      "_timeout": 2000
    }
  ],
  "meta": {
    "mocha": {
      "version": "7.0.1"
    },
    "mochawesome": {
      "options": {
        "quiet": false,
        "reportFilename": "mochawesome",
        "saveHtml": true,
        "saveJson": true,
        "consoleReporter": "spec",
        "useInlineDiffs": false,
        "code": true
      },
      "version": "7.1.3"
    },
    "marge": {
      "options": {
        "reportDir": "cypress/results",
        "overwrite": false,
        "html": true,
        "json": true,
        "timestamp": "mmddyyyy_HHMMss"
      },
      "version": "6.2.0"
    }
  }
}