{
  "stats": {
    "suites": 1,
    "tests": 3,
    "passes": 3,
    "pending": 0,
    "failures": 0,
    "start": "2024-08-20T12:10:50.434Z",
    "end": "2024-08-20T12:10:55.868Z",
    "duration": 5434,
    "testsRegistered": 3,
    "passPercent": 100,
    "pendingPercent": 0,
    "other": 0,
    "hasOther": false,
    "skipped": 0,
    "hasSkipped": false
  },
  "results": [
    {
      "uuid": "4af4821f-20c9-44cf-a04e-6e09ed3fc3fe",
      "title": "",
      "fullFile": "cypress\\e2e\\pagina-principal.cy.js",
      "file": "cypress\\e2e\\pagina-principal.cy.js",
      "beforeHooks": [],
      "afterHooks": [],
      "tests": [],
      "suites": [
        {
          "uuid": "f34ed64f-fb50-48b9-b0c5-23608b5040a0",
          "title": "Testes na Página principal",
          "fullFile": "",
          "file": "",
          "beforeHooks": [],
          "afterHooks": [],
          "tests": [
            {
              "title": "Verificar o título \"Adopet\" na página principal",
              "fullTitle": "Testes na Página principal Verificar o título \"Adopet\" na página principal",
              "timedOut": null,
              "duration": 568,
              "state": "passed",
              "speed": "fast",
              "pass": true,
              "fail": false,
              "pending": false,
              "context": null,
              "code": "cy.title().should('eq', 'AdoPet');",
              "err": {},
              "uuid": "2fd0bb79-d136-47d6-8d00-5cdc18410f34",
              "parentUUID": "f34ed64f-fb50-48b9-b0c5-23608b5040a0",
              "isHook": false,
              "skipped": false
            },
            {
              "title": "Verificar o texto \"Quem ama adota!\"",
              "fullTitle": "Testes na Página principal Verificar o texto \"Quem ama adota!\"",
              "timedOut": null,
              "duration": 333,
              "state": "passed",
              "speed": "fast",
              "pass": true,
              "fail": false,
              "pending": false,
              "context": null,
              "code": "cy.contains('p', 'Quem ama adota!').should('be.visible');",
              "err": {},
              "uuid": "183ae418-145a-4a79-b5f9-d0ce3e3f49ce",
              "parentUUID": "f34ed64f-fb50-48b9-b0c5-23608b5040a0",
              "isHook": false,
              "skipped": false
            },
            {
              "title": "Verifica o texto “Adotar pode mudar uma vida. Que tal buscar seu novo melhor amigo hoje? Vem com a gente!”",
              "fullTitle": "Testes na Página principal Verifica o texto “Adotar pode mudar uma vida. Que tal buscar seu novo melhor amigo hoje? Vem com a gente!”",
              "timedOut": null,
              "duration": 359,
              "state": "passed",
              "speed": "fast",
              "pass": true,
              "fail": false,
              "pending": false,
              "context": null,
              "code": "cy.contains('p', 'Adotar pode mudar uma vida. Que tal buscar seu novo melhor amigo hoje? Vem com a gente!').should('be.visible');",
              "err": {},
              "uuid": "174f2fec-1de7-44ef-8f07-66c12ec3e3d8",
              "parentUUID": "f34ed64f-fb50-48b9-b0c5-23608b5040a0",
              "isHook": false,
              "skipped": false
            }
          ],
          "suites": [],
          "passes": [
            "2fd0bb79-d136-47d6-8d00-5cdc18410f34",
            "183ae418-145a-4a79-b5f9-d0ce3e3f49ce",
            "174f2fec-1de7-44ef-8f07-66c12ec3e3d8"
          ],
          "failures": [],
          "pending": [],
          "skipped": [],
          "duration": 1260,
          "root": false,
          "rootEmpty": false,
          "_timeout": 2000
        }
      ],
      "passes": [],
      "failures": [],
      "pending": [],
      "skipped": [],
      "duration": 0,
      "root": true,
      "rootEmpty": true,
      "_timeout": 2000
    }
  ],
  "meta": {
    "mocha": {
      "version": "7.0.1"
    },
    "mochawesome": {
      "options": {
        "quiet": false,
        "reportFilename": "mochawesome",
        "saveHtml": true,
        "saveJson": true,
        "consoleReporter": "spec",
        "useInlineDiffs": false,
        "code": true
      },
      "version": "7.1.3"
    },
    "marge": {
      "options": {
        "reportDir": "cypress/results",
        "overwrite": false,
        "html": true,
        "json": true,
        "timestamp": "mmddyyyy_HHMMss"
      },
      "version": "6.2.0"
    }
  }
}