{
  "stats": {
    "suites": 1,
    "tests": 1,
    "passes": 1,
    "pending": 0,
    "failures": 0,
    "start": "2024-08-20T11:54:48.749Z",
    "end": "2024-08-20T11:54:53.881Z",
    "duration": 5132,
    "testsRegistered": 1,
    "passPercent": 100,
    "pendingPercent": 0,
    "other": 0,
    "hasOther": false,
    "skipped": 0,
    "hasSkipped": false
  },
  "results": [
    {
      "uuid": "f14d2af3-df07-4755-ba79-080a018b950a",
      "title": "",
      "fullFile": "cypress\\e2e\\login-fluxo-diferente.cy.js",
      "file": "cypress\\e2e\\login-fluxo-diferente.cy.js",
      "beforeHooks": [],
      "afterHooks": [],
      "tests": [],
      "suites": [
        {
          "uuid": "7796aebc-509c-470e-9af3-c2d2ac082e9d",
          "title": "Fluxo de Login",
          "fullFile": "",
          "file": "",
          "beforeHooks": [],
          "afterHooks": [],
          "tests": [
            {
              "title": "Verifica mensagem de texto",
              "fullTitle": "Fluxo de Login Verifica mensagem de texto",
              "timedOut": null,
              "duration": 2335,
              "state": "passed",
              "speed": "fast",
              "pass": true,
              "fail": false,
              "pending": false,
              "context": null,
              "code": "cy.get('[data-test=\"input-loginEmail\"]').type('jobinarq@gmail.com');\ncy.get('[data-test=\"input-loginPassword\"]').type('Senha123');\ncy.get('[data-test=\"submit-button\"]').click();",
              "err": {},
              "uuid": "584237e0-183e-4a04-9072-e5ffa0d81da7",
              "parentUUID": "7796aebc-509c-470e-9af3-c2d2ac082e9d",
              "isHook": false,
              "skipped": false
            }
          ],
          "suites": [],
          "passes": [
            "584237e0-183e-4a04-9072-e5ffa0d81da7"
          ],
          "failures": [],
          "pending": [],
          "skipped": [],
          "duration": 2335,
          "root": false,
          "rootEmpty": false,
          "_timeout": 2000
        }
      ],
      "passes": [],
      "failures": [],
      "pending": [],
      "skipped": [],
      "duration": 0,
      "root": true,
      "rootEmpty": true,
      "_timeout": 2000
    }
  ],
  "meta": {
    "mocha": {
      "version": "7.0.1"
    },
    "mochawesome": {
      "options": {
        "quiet": false,
        "reportFilename": "mochawesome",
        "saveHtml": true,
        "saveJson": true,
        "consoleReporter": "spec",
        "useInlineDiffs": false,
        "code": true
      },
      "version": "7.1.3"
    },
    "marge": {
      "options": {
        "reportDir": "cypress/results",
        "overwrite": false,
        "html": true,
        "json": true,
        "timestamp": "mmddyyyy_HHMMss"
      },
      "version": "6.2.0"
    }
  }
}