{
  "stats": {
    "suites": 1,
    "tests": 1,
    "passes": 1,
    "pending": 0,
    "failures": 0,
    "start": "2024-08-22T12:09:34.371Z",
    "end": "2024-08-22T12:09:35.055Z",
    "duration": 684,
    "testsRegistered": 1,
    "passPercent": 100,
    "pendingPercent": 0,
    "other": 0,
    "hasOther": false,
    "skipped": 0,
    "hasSkipped": false
  },
  "results": [
    {
      "uuid": "cf410b47-1ebc-4850-8cc7-646b795f4d30",
      "title": "",
      "fullFile": "cypress\\e2e\\api-perfil.cy.js",
      "file": "cypress\\e2e\\api-perfil.cy.js",
      "beforeHooks": [],
      "afterHooks": [],
      "tests": [],
      "suites": [
        {
          "uuid": "7970f7ac-271a-480d-b72e-4b6a8b5f204b",
          "title": "Api Adopet",
          "fullFile": "",
          "file": "",
          "beforeHooks": [],
          "afterHooks": [],
          "tests": [
            {
              "title": "Nome do perfil",
              "fullTitle": "Api Adopet Nome do perfil",
              "timedOut": null,
              "duration": 652,
              "state": "passed",
              "speed": "fast",
              "pass": true,
              "fail": false,
              "pending": false,
              "context": null,
              "code": "cy.request({\n  method: 'GET',\n  url: 'https://adopet-api-i8qu.onrender.com/adotante/perfil/a49066fe-523e-4885-b1ce-5b738195532f',\n  headers: {\n    authorization\n  }\n}).then(res => {\n  expect(res.status).to.be.equal(200);\n  expect(res.body).is.not.empty;\n  expect(res.body).to.have.property('perfil');\n  expect(res.body.perfil.nome).to.be.equal('Joab Oliveira');\n});",
              "err": {},
              "uuid": "daec6238-c05b-4f9e-90b0-34dc3244f451",
              "parentUUID": "7970f7ac-271a-480d-b72e-4b6a8b5f204b",
              "isHook": false,
              "skipped": false
            }
          ],
          "suites": [],
          "passes": [
            "daec6238-c05b-4f9e-90b0-34dc3244f451"
          ],
          "failures": [],
          "pending": [],
          "skipped": [],
          "duration": 652,
          "root": false,
          "rootEmpty": false,
          "_timeout": 2000
        }
      ],
      "passes": [],
      "failures": [],
      "pending": [],
      "skipped": [],
      "duration": 0,
      "root": true,
      "rootEmpty": true,
      "_timeout": 2000
    }
  ],
  "meta": {
    "mocha": {
      "version": "7.0.1"
    },
    "mochawesome": {
      "options": {
        "quiet": false,
        "reportFilename": "mochawesome",
        "saveHtml": true,
        "saveJson": true,
        "consoleReporter": "spec",
        "useInlineDiffs": false,
        "code": true
      },
      "version": "7.1.3"
    },
    "marge": {
      "options": {
        "reportDir": "cypress/results",
        "overwrite": false,
        "html": true,
        "json": true,
        "timestamp": "mmddyyyy_HHMMss"
      },
      "version": "6.2.0"
    }
  }
}