{
  "stats": {
    "suites": 1,
    "tests": 1,
    "passes": 1,
    "pending": 0,
    "failures": 0,
    "start": "2024-08-20T11:54:39.906Z",
    "end": "2024-08-20T11:54:44.414Z",
    "duration": 4508,
    "testsRegistered": 1,
    "passPercent": 100,
    "pendingPercent": 0,
    "other": 0,
    "hasOther": false,
    "skipped": 0,
    "hasSkipped": false
  },
  "results": [
    {
      "uuid": "a0467022-eb49-4036-aba6-de8b34eec7f3",
      "title": "",
      "fullFile": "cypress\\e2e\\cadastro-incorreto.cy.js",
      "file": "cypress\\e2e\\cadastro-incorreto.cy.js",
      "beforeHooks": [],
      "afterHooks": [],
      "tests": [],
      "suites": [
        {
          "uuid": "8c9726c8-7bfc-44c3-8796-677cc2115913",
          "title": "Página de cadastro",
          "fullFile": "",
          "file": "",
          "beforeHooks": [],
          "afterHooks": [],
          "tests": [
            {
              "title": "Preencher os campos do formulário incorretamente e exibir mensagens ao usuário",
              "fullTitle": "Página de cadastro Preencher os campos do formulário incorretamente e exibir mensagens ao usuário",
              "timedOut": null,
              "duration": 2109,
              "state": "passed",
              "speed": "fast",
              "pass": true,
              "fail": false,
              "pending": false,
              "context": null,
              "code": "cy.get('[data-test=\"submit-button\"]').click();\ncy.contains('É necessário informar um endereço de email').should('be.visible');\ncy.contains('Crie uma senha').should('be.visible');\ncy.contains('Repita a senha criada acima').should('be.visible');",
              "err": {},
              "uuid": "4c8d5a0d-f33f-4120-8dbb-1565e304713b",
              "parentUUID": "8c9726c8-7bfc-44c3-8796-677cc2115913",
              "isHook": false,
              "skipped": false
            }
          ],
          "suites": [],
          "passes": [
            "4c8d5a0d-f33f-4120-8dbb-1565e304713b"
          ],
          "failures": [],
          "pending": [],
          "skipped": [],
          "duration": 2109,
          "root": false,
          "rootEmpty": false,
          "_timeout": 2000
        }
      ],
      "passes": [],
      "failures": [],
      "pending": [],
      "skipped": [],
      "duration": 0,
      "root": true,
      "rootEmpty": true,
      "_timeout": 2000
    }
  ],
  "meta": {
    "mocha": {
      "version": "7.0.1"
    },
    "mochawesome": {
      "options": {
        "quiet": false,
        "reportFilename": "mochawesome",
        "saveHtml": true,
        "saveJson": true,
        "consoleReporter": "spec",
        "useInlineDiffs": false,
        "code": true
      },
      "version": "7.1.3"
    },
    "marge": {
      "options": {
        "reportDir": "cypress/results",
        "overwrite": false,
        "html": true,
        "json": true,
        "timestamp": "mmddyyyy_HHMMss"
      },
      "version": "6.2.0"
    }
  }
}